2026-03-02 13:05:51,598 [INFO] [FULL] Run context initialized.
2026-03-02 13:05:51,600 [INFO] [FULL] Output directory: Output\2024-25\UPL\Full\20260302_130551
2026-03-02 13:05:51,601 [INFO] [FULL] Log file: logs\2024-25\UPL\20260302_130551_full.log
2026-03-02 13:05:51,604 [INFO] [FULL] Starting Full Pipeline for UPL (2024-25)
2026-03-02 13:05:51,606 [INFO] [FULL] Phase 1: Loading Configuration...
2026-03-02 13:05:51,608 [INFO] [FULL]   Loaded config for UPL
2026-03-02 13:05:51,610 [INFO] [FULL] Phase 2: Data Cleaning...
2026-03-02 13:05:51,613 [INFO] Starting clean_pipeline for UPL
2026-03-02 13:05:54,821 [INFO] Loaded 50046 rows, 100 columns
2026-03-02 13:05:59,838 [INFO] Saved 15860 training rows to ./data/processed/UPL_training_data.csv
2026-03-02 13:05:59,989 [INFO] Filtered out 16231 non-game rows based on 'tags' column.
2026-03-02 13:06:00,278 [WARNING] DATA EXCLUSION: 11942 rows did not match UPL session pattern. These likely represent non-match sessions and were excluded.
2026-03-02 13:06:00,428 [WARNING] DATA EXCLUSION: 2386 rows with invalid 'split_name' values. Only '1st Half', '2nd Half', and 'All' are recognized.
2026-03-02 13:06:18,701 [ERROR] LOGICAL ERROR: Found matchdays ['Md32'] exceeding UPL maximum of 30. These records will be excluded.
2026-03-02 13:06:33,221 [INFO] Aggregating halves: 6048 H1 rows, 6052 H2 rows, 6115 All rows
2026-03-02 13:06:34,389 [ERROR] [FULL] Cleaning failed: unsupported operand type(s) for +: 'int' and 'str'
2026-03-02 13:06:34,391 [ERROR] [FULL] Pipeline failed: unsupported operand type(s) for +: 'int' and 'str'
2026-03-02 13:06:34,701 [ERROR] Full pipeline failed.
2026-03-02 13:06:34,710 [INFO] [FULL] Metadata saved to Output\2024-25\UPL\Full\20260302_130551\run_metadata.json
2026-03-02 13:06:34,721 [INFO] [FULL] Run history updated: logs\run_history.csv
