2026-03-02 13:33:35,906 [INFO] [FULL] Run context initialized.
2026-03-02 13:33:35,908 [INFO] [FULL] Output directory: Output\2024-25\UPL\Full\20260302_133335
2026-03-02 13:33:35,910 [INFO] [FULL] Log file: logs\2024-25\UPL\20260302_133335_full.log
2026-03-02 13:33:35,911 [INFO] [FULL] Starting Full Pipeline for UPL (2024-25)
2026-03-02 13:33:35,913 [INFO] [FULL] Phase 1: Loading Configuration...
2026-03-02 13:33:35,914 [INFO] [FULL]   Loaded config for UPL
2026-03-02 13:33:35,915 [INFO] [FULL] Phase 2: Data Cleaning...
2026-03-02 13:33:35,917 [INFO] Starting clean_pipeline for UPL
2026-03-02 13:33:40,614 [INFO] Loaded 50046 rows, 100 columns
2026-03-02 13:33:48,429 [INFO] Saved 15860 training rows to ./data/processed/UPL_training_data.csv
2026-03-02 13:33:49,657 [INFO] Filtered out 16231 non-game rows based on 'tags' column.
2026-03-02 13:33:50,041 [WARNING] DATA EXCLUSION: 11942 rows did not match UPL session pattern. These likely represent non-match sessions and were excluded.
2026-03-02 13:33:50,365 [WARNING] DATA EXCLUSION: 2386 rows with invalid 'split_name' values. Only '1st Half', '2nd Half', and 'All' are recognized.
2026-03-02 13:33:59,276 [ERROR] LOGICAL ERROR: Found matchdays ['Md32'] exceeding UPL maximum of 30. These records will be excluded.
2026-03-02 13:34:05,077 [INFO] Dropped 13 sparse columns (>95% zeros).
2026-03-02 13:34:05,193 [INFO] Aggregating halves: 6048 H1 rows, 6052 H2 rows, 6115 All rows
2026-03-02 13:34:06,285 [INFO] Auto-aggregated 62 additional numeric columns (zone data, etc.) by summing halves.
2026-03-02 13:34:06,402 [INFO] Filtered active sessions: removed 1683 rows (distance < 2.0 km or duration < 60 min)
2026-03-02 13:34:06,454 [INFO] Removed 511 outlier rows (IQR method).
2026-03-02 13:34:06,494 [INFO] Pipeline complete. Output: 4000 rows, 101 columns
2026-03-02 13:34:07,967 [INFO] Saved processed data to ./data/processed/UPL25_matches_clean.csv
2026-03-02 13:34:07,970 [INFO] [FULL]   Cleaning complete. Output: ./data/processed/UPL25_matches_clean.csv
2026-03-02 13:34:07,971 [INFO] [FULL]   Rows: 4000 | Columns: 101
2026-03-02 13:34:09,411 [INFO] [FULL]   Saved cleaned data to Output\2024-25\UPL\Full\20260302_133335\01_cleaned
2026-03-02 13:34:09,414 [INFO] [FULL] Phase 3: Analysis...
2026-03-02 13:34:09,713 [INFO] [FULL]   Computed 6 analysis datasets
2026-03-02 13:34:09,713 [INFO] [FULL] Phase 4: Reporting...
2026-03-02 13:34:09,714 [INFO] [FULL]   Generating League-Wide Season Report...
2026-03-02 13:34:09,779 [INFO] Filtering data for timeframe: season
2026-03-02 13:34:09,989 [INFO] Building season report for upl (suffix: )...
2026-03-02 13:34:39,570 [INFO] Report saved to Output\2024-25\UPL\Full\20260302_133335\03_league_report\UPL_2024-25_Season_Report_20260302_133335.docx
2026-03-02 13:34:39,592 [INFO] Building premium report for Mbarara City FC...
2026-03-02 13:34:54,487 [INFO] Report saved to: Output\2024-25\UPL\Full\20260302_133335\02_club_reports\Mbarara City FC_Report.docx
2026-03-02 13:34:54,495 [INFO] Building premium report for Lugazi FC...
2026-03-02 13:35:12,385 [INFO] Report saved to: Output\2024-25\UPL\Full\20260302_133335\02_club_reports\Lugazi FC_Report.docx
2026-03-02 13:35:12,395 [INFO] Building premium report for Wakiso Giants FC...
2026-03-02 13:35:25,736 [INFO] Report saved to: Output\2024-25\UPL\Full\20260302_133335\02_club_reports\Wakiso Giants FC_Report.docx
2026-03-02 13:35:25,752 [INFO] Building premium report for Vipers SC...
2026-03-02 13:35:38,350 [INFO] Report saved to: Output\2024-25\UPL\Full\20260302_133335\02_club_reports\Vipers SC_Report.docx
2026-03-02 13:35:38,397 [INFO] Building premium report for Maroons FC...
2026-03-02 13:35:57,388 [INFO] Report saved to: Output\2024-25\UPL\Full\20260302_133335\02_club_reports\Maroons FC_Report.docx
2026-03-02 13:35:57,414 [INFO] Building premium report for KCCA FC...
2026-03-02 13:36:10,602 [INFO] Report saved to: Output\2024-25\UPL\Full\20260302_133335\02_club_reports\KCCA FC_Report.docx
2026-03-02 13:36:10,625 [INFO] Building premium report for Mbale Heroes FC...
2026-03-02 13:36:28,811 [INFO] Report saved to: Output\2024-25\UPL\Full\20260302_133335\02_club_reports\Mbale Heroes FC_Report.docx
2026-03-02 13:36:28,820 [INFO] Building premium report for UPDF FC...
2026-03-02 13:36:41,815 [INFO] Report saved to: Output\2024-25\UPL\Full\20260302_133335\02_club_reports\UPDF FC_Report.docx
2026-03-02 13:36:41,824 [INFO] Building premium report for Soltilo Bright Stars FC...
2026-03-02 13:36:53,100 [INFO] Report saved to: Output\2024-25\UPL\Full\20260302_133335\02_club_reports\Soltilo Bright Stars FC_Report.docx
2026-03-02 13:36:53,111 [INFO] Building premium report for NEC FC...
2026-03-02 13:37:05,174 [INFO] Report saved to: Output\2024-25\UPL\Full\20260302_133335\02_club_reports\NEC FC_Report.docx
2026-03-02 13:37:05,184 [INFO] Building premium report for Express FC...
2026-03-02 13:37:13,831 [INFO] Report saved to: Output\2024-25\UPL\Full\20260302_133335\02_club_reports\Express FC_Report.docx
2026-03-02 13:37:13,837 [INFO] Building premium report for URA FC...
2026-03-02 13:37:28,132 [INFO] Report saved to: Output\2024-25\UPL\Full\20260302_133335\02_club_reports\URA FC_Report.docx
2026-03-02 13:37:28,140 [INFO] Building premium report for Kitara FC...
2026-03-02 13:37:42,645 [INFO] Report saved to: Output\2024-25\UPL\Full\20260302_133335\02_club_reports\Kitara FC_Report.docx
2026-03-02 13:37:42,653 [INFO] Building premium report for BUL FC...
2026-03-02 13:38:00,398 [INFO] Report saved to: Output\2024-25\UPL\Full\20260302_133335\02_club_reports\BUL FC_Report.docx
2026-03-02 13:38:00,414 [INFO] Building premium report for SC Villa...
2026-03-02 13:38:15,281 [INFO] Report saved to: Output\2024-25\UPL\Full\20260302_133335\02_club_reports\SC Villa_Report.docx
2026-03-02 13:38:15,291 [INFO] Building premium report for Police FC...
2026-03-02 13:38:55,687 [INFO] Report saved to: Output\2024-25\UPL\Full\20260302_133335\02_club_reports\Police FC_Report.docx
2026-03-02 13:38:55,711 [INFO] [FULL]   Generated 16 club reports
2026-03-02 13:38:55,720 [INFO] [FULL] Full Pipeline Complete!
2026-03-02 13:38:55,921 [INFO] Full pipeline completed successfully.
2026-03-02 13:38:55,999 [INFO] [FULL] Metadata saved to Output\2024-25\UPL\Full\20260302_133335\run_metadata.json
2026-03-02 13:38:56,048 [INFO] [FULL] Run history updated: logs\run_history.csv
