2026-03-02 13:16:25,918 [INFO] [FULL] Run context initialized.
2026-03-02 13:16:25,920 [INFO] [FULL] Output directory: Output\2024-25\UPL\Full\20260302_131625
2026-03-02 13:16:25,922 [INFO] [FULL] Log file: logs\2024-25\UPL\20260302_131625_full.log
2026-03-02 13:16:25,924 [INFO] [FULL] Starting Full Pipeline for UPL (2024-25)
2026-03-02 13:16:25,926 [INFO] [FULL] Phase 1: Loading Configuration...
2026-03-02 13:16:25,928 [INFO] [FULL]   Loaded config for UPL
2026-03-02 13:16:25,929 [INFO] [FULL] Phase 2: Data Cleaning...
2026-03-02 13:16:25,930 [INFO] Starting clean_pipeline for UPL
2026-03-02 13:16:28,379 [INFO] Loaded 50046 rows, 100 columns
2026-03-02 13:16:32,973 [INFO] Saved 15860 training rows to ./data/processed/UPL_training_data.csv
2026-03-02 13:16:33,108 [INFO] Filtered out 16231 non-game rows based on 'tags' column.
2026-03-02 13:16:33,319 [WARNING] DATA EXCLUSION: 11942 rows did not match UPL session pattern. These likely represent non-match sessions and were excluded.
2026-03-02 13:16:33,462 [WARNING] DATA EXCLUSION: 2386 rows with invalid 'split_name' values. Only '1st Half', '2nd Half', and 'All' are recognized.
2026-03-02 13:17:11,751 [ERROR] LOGICAL ERROR: Found matchdays ['Md32'] exceeding UPL maximum of 30. These records will be excluded.
2026-03-02 13:17:12,581 [INFO] Aggregating halves: 0 H1 rows, 0 H2 rows, 0 All rows
2026-03-02 13:17:12,582 [WARNING] No valid split data found. Returning data as-is.
2026-03-02 13:17:12,634 [INFO] Pipeline complete. Output: 0 rows, 115 columns
2026-03-02 13:17:12,641 [INFO] Saved processed data to ./data/processed/UPL25_matches_clean.csv
2026-03-02 13:17:12,642 [INFO] [FULL]   Cleaning complete. Output: ./data/processed/UPL25_matches_clean.csv
2026-03-02 13:17:12,643 [INFO] [FULL]   Rows: 0 | Columns: 115
2026-03-02 13:17:12,671 [INFO] [FULL]   Saved cleaned data to Output\2024-25\UPL\Full\20260302_131625\01_cleaned
2026-03-02 13:17:12,681 [INFO] [FULL] Phase 3: Analysis...
2026-03-02 13:17:12,900 [INFO] [FULL]   Computed 6 analysis datasets
2026-03-02 13:17:12,902 [INFO] [FULL] Phase 4: Reporting...
2026-03-02 13:17:12,902 [INFO] [FULL]   Generating League-Wide Season Report...
2026-03-02 13:17:12,992 [INFO] Filtering data for timeframe: season
2026-03-02 13:17:12,993 [WARNING] [FULL]   Warning: No data found after timeframe filtering.
2026-03-02 13:17:12,997 [INFO] [FULL]   Generated 0 club reports
2026-03-02 13:17:12,999 [INFO] [FULL] Full Pipeline Complete!
2026-03-02 13:17:13,003 [INFO] Full pipeline completed successfully.
2026-03-02 13:17:13,010 [INFO] [FULL] Metadata saved to Output\2024-25\UPL\Full\20260302_131625\run_metadata.json
2026-03-02 13:17:13,021 [INFO] [FULL] Run history updated: logs\run_history.csv
